2020-10-25 22:26:06 DEBUG Runner:52 - Запрашиваем у пользователя язык приложения
2020-10-25 22:26:08 DEBUG Runner:54 - Пользователь выбрал локаль ru_RU
2020-10-25 22:26:08 DEBUG Runner:55 - Получаем соответствующий выбранному языку ResourceBundle
2020-10-25 22:26:08 DEBUG Runner:61 - Пытаемся прочитать текст из файла
2020-10-25 22:26:08 DEBUG Runner:68 - Получилось прочитать текст из файла
2020-10-25 22:26:08 DEBUG Runner:70 - Создаем экземпляр класса SentenceParser
2020-10-25 22:26:08 DEBUG Runner:72 - Создаем экземпляр класса TextParser
2020-10-25 22:26:08 DEBUG Runner:75 - Парсим полученный из файла текст
2020-10-25 22:26:08 DEBUG Runner:77 - На основе распаршенных элементов создаем экземпляр класса Text
2020-10-25 22:26:08 DEBUG Runner:80 - Выводим полученный экземпляр класса Text
2020-10-25 22:26:08 DEBUG Runner:84 - Выводим восстановленный текст
2020-10-25 22:26:08 DEBUG Runner:88 - Выводим отсортированные предложения
2020-10-25 22:26:08 DEBUG Runner:92 - Сортируем слова
2020-10-25 22:26:08 DEBUG Runner:95 - Выводим отсортированные слова
2020-10-25 22:26:08 INFO  Runner:100 - Завершение приложения
2020-10-25 22:26:35 INFO  Runner:51 - Старт приложения
2020-10-25 22:26:36 DEBUG Runner:52 - Запрашиваем у пользователя язык приложения
2020-10-25 22:26:37 DEBUG Runner:54 - Пользователь выбрал локаль en_US
2020-10-25 22:26:37 DEBUG Runner:55 - Получаем соответствующий выбранному языку ResourceBundle
2020-10-25 22:26:37 DEBUG Runner:61 - Пытаемся прочитать текст из файла
2020-10-25 22:26:37 DEBUG Runner:68 - Получилось прочитать текст из файла
2020-10-25 22:26:37 DEBUG Runner:70 - Создаем экземпляр класса SentenceParser
2020-10-25 22:26:37 DEBUG Runner:72 - Создаем экземпляр класса TextParser
2020-10-25 22:26:37 DEBUG Runner:75 - Парсим полученный из файла текст
2020-10-25 22:26:37 DEBUG Runner:77 - На основе распаршенных элементов создаем экземпляр класса Text
2020-10-25 22:26:37 DEBUG Runner:80 - Выводим полученный экземпляр класса Text
2020-10-25 22:26:37 DEBUG Runner:84 - Выводим восстановленный текст
2020-10-25 22:26:37 DEBUG Runner:88 - Выводим отсортированные предложения
2020-10-25 22:26:37 DEBUG Runner:92 - Сортируем слова
2020-10-25 22:26:37 DEBUG Runner:95 - Выводим отсортированные слова
2020-10-25 22:26:37 INFO  Runner:100 - Завершение приложения
